\BOOKMARK [0][-]{chapter.1}{\332vod}{}% 1
\BOOKMARK [0][-]{chapter.2}{Heterog\351nna\040infra\235trukt\372ra\040MetaCentra}{}% 2
\BOOKMARK [1][-]{section.2.1}{\040Kontrola\040zdrojov\040infra\235trukt\372ry}{chapter.2}% 3
\BOOKMARK [1][-]{section.2.2}{\040Cloud}{chapter.2}% 4
\BOOKMARK [1][-]{section.2.3}{\040Realiz\341cia\040konceptov\040cloudu}{chapter.2}% 5
\BOOKMARK [2][-]{subsection.2.3.1}{\040Virtu\341lne\040stroje}{section.2.3}% 6
\BOOKMARK [2][-]{subsection.2.3.2}{\376\377\000\040\000A\000p\000l\000i\000k\000a\001\015\000n\000\351\000\040\000k\000o\000n\000t\000a\000j\000n\000e\000r\000y}{section.2.3}% 7
\BOOKMARK [1][-]{section.2.4}{\376\377\000\040\000M\000a\000p\000R\000e\000d\000u\000c\000e\000\040\000a\000p\000l\000i\000k\000a\001\015\000n\000\351\000\040\000p\000r\000o\000s\000t\000r\000e\000d\000i\000a}{chapter.2}% 8
\BOOKMARK [1][-]{section.2.5}{\376\377\000\040\000G\000r\000i\000d\000o\000v\000\351\000\040\000p\000o\001\015\000\355\000t\000a\000n\000i\000e}{chapter.2}% 9
\BOOKMARK [1][-]{section.2.6}{\040Technol\363gie\040vyu\236\355van\351\040v\040MetaCentre}{chapter.2}% 10
\BOOKMARK [2][-]{subsection.2.6.1}{\040libvirt/KVM}{section.2.6}% 11
\BOOKMARK [2][-]{subsection.2.6.2}{\040Docker}{section.2.6}% 12
\BOOKMARK [2][-]{subsection.2.6.3}{\040Hadoop}{section.2.6}% 13
\BOOKMARK [2][-]{subsection.2.6.4}{\040PBS\040Professional}{section.2.6}% 14
\BOOKMARK [0][-]{chapter.3}{Zber\040a\040uchov\341vanie\040monitorovac\355ch\040d\341t}{}% 15
\BOOKMARK [1][-]{section.3.1}{\040V\235eobecn\351\040probl\351my\040monitorovania}{chapter.3}% 16
\BOOKMARK [2][-]{subsection.3.1.1}{\040Identifik\341cia\040relevantn\375ch\040metr\355k}{section.3.1}% 17
\BOOKMARK [2][-]{subsection.3.1.2}{\376\377\000\040\000A\000n\000a\000l\000\375\000z\000a\000\040\000v\000\040\000r\000e\000\341\000l\000n\000o\000m\000\040\001\015\000a\000s\000e\000\040\000a\000\040\000v\000a\000r\000o\000v\000a\000n\000i\000a}{section.3.1}% 18
\BOOKMARK [2][-]{subsection.3.1.3}{\040Meracie\040intervaly}{section.3.1}% 19
\BOOKMARK [2][-]{subsection.3.1.4}{\376\377\000\040\000P\000o\001\015\000e\000t\000\040\000z\000d\000r\000o\000j\000o\000v\000\040\000a\000\040\000i\000c\000h\000\040\000i\000d\000e\000n\000t\000i\000f\000i\000k\000\341\000c\000i\000a}{section.3.1}% 20
\BOOKMARK [2][-]{subsection.3.1.5}{\040Ukladanie\040d\341t}{section.3.1}% 21
\BOOKMARK [2][-]{subsection.3.1.6}{\040Vizualiz\341cia\040a\040anal\375za\040d\341t}{section.3.1}% 22
\BOOKMARK [2][-]{subsection.3.1.7}{\376\377\000\040\000M\000o\000n\000i\000t\000o\000r\000o\000v\000a\000n\000i\000e\000\040\000v\000\040\000h\000e\000t\000e\000r\000o\000g\000\351\000n\000n\000o\000m\000\040\000v\000\375\000p\000o\001\015\000t\000o\000v\000o\000m\000\040\000p\000r\000o\000s\000t\000r\000e\000d\000\355}{section.3.1}% 23
\BOOKMARK [1][-]{section.3.2}{\376\377\000\040\001\014\000a\000s\000o\000v\000\351\000\040\000r\000a\000d\000y}{chapter.3}% 24
\BOOKMARK [2][-]{subsection.3.2.1}{\376\377\000\040\000A\000n\000a\000l\000\375\000z\000a\000\040\001\015\000a\000s\000o\000v\000\375\000c\000h\000\040\000r\000\341\000d}{section.3.2}% 25
\BOOKMARK [2][-]{subsection.3.2.2}{\040Zaobch\341dzanie\040s\040historick\375mi\040d\341tami}{section.3.2}% 26
\BOOKMARK [0][-]{chapter.4}{Aktu\341lne\040monitorovacie\040rie\235enia}{}% 27
\BOOKMARK [1][-]{section.4.1}{\040Monitorovacie\040rie\235enia}{chapter.4}% 28
\BOOKMARK [2][-]{subsection.4.1.1}{\040Nagios}{section.4.1}% 29
\BOOKMARK [2][-]{subsection.4.1.2}{\040Icinga}{section.4.1}% 30
\BOOKMARK [2][-]{subsection.4.1.3}{\040Zabbix}{section.4.1}% 31
\BOOKMARK [2][-]{subsection.4.1.4}{\040Ganglia}{section.4.1}% 32
\BOOKMARK [2][-]{subsection.4.1.5}{\040AppDynamics}{section.4.1}% 33
\BOOKMARK [1][-]{section.4.2}{\376\377\000\040\001\016\000a\000l\001\141\000i\000e\000\040\000n\000\341\000s\000t\000r\000o\000j\000e}{chapter.4}% 34
\BOOKMARK [2][-]{subsection.4.2.1}{\040Linux\040cgroups}{section.4.2}% 35
\BOOKMARK [2][-]{subsection.4.2.2}{\040collectd}{section.4.2}% 36
\BOOKMARK [1][-]{section.4.3}{\376\377\000\040\000D\000a\000t\000a\000b\000\341\000z\000y\000\040\001\015\000a\000s\000o\000v\000\375\000c\000h\000\040\000r\000\341\000d}{chapter.4}% 37
\BOOKMARK [2][-]{subsection.4.3.1}{\040OpenTSDB}{section.4.3}% 38
\BOOKMARK [2][-]{subsection.4.3.2}{\040InfluxDB}{section.4.3}% 39
\BOOKMARK [2][-]{subsection.4.3.3}{\040RRDTool}{section.4.3}% 40
\BOOKMARK [1][-]{section.4.4}{\376\377\000\040\000V\000h\000o\000d\000n\000o\000s\001\145\000\040\000d\000o\000s\000t\000u\000p\000n\000\351\000h\000o\000\040\000s\000o\000f\000t\000v\000\351\000r\000u}{chapter.4}% 41
\BOOKMARK [0][-]{chapter.5}{Metriky}{}% 42
\BOOKMARK [1][-]{subsection.5.0.1}{\040V\375znam\040popisn\375ch\040\372dajov\040metr\355k}{chapter.5}% 43
\BOOKMARK [2][-]{subsection.5.0.2}{\040Periodicita\040zberania\040metr\355k}{subsection.5.0.1}% 44
\BOOKMARK [2][-]{subsection.5.0.3}{\040Form\341t\040hodnoty\040metriky}{subsection.5.0.1}% 45
\BOOKMARK [2][-]{subsection.5.0.4}{\376\377\000\040\000V\000\375\000p\000o\001\015\000e\000t\000\040\000p\000e\000r\000c\000e\000n\000t\000u\000\341\000l\000n\000e\000j\000\040\000z\000\341\001\145\000a\001\176\000e\000\040\000n\000a\000\040\000p\000r\000o\000c\000e\000s\000o\000r}{subsection.5.0.1}% 46
\BOOKMARK [1][-]{section.5.1}{\040libvirt/KVM}{chapter.5}% 47
\BOOKMARK [2][-]{subsection.5.1.1}{\040Procesor}{section.5.1}% 48
\BOOKMARK [2][-]{subsection.5.1.2}{\376\377\000\040\000P\000a\000m\000\344\001\145}{section.5.1}% 49
\BOOKMARK [2][-]{subsection.5.1.3}{\376\377\000\040\000Z\000\341\000p\000i\000s\000\040\000a\000\040\001\015\000\355\000t\000a\000n\000i\000e\000\040\000z\000\040\000d\000i\000s\000k\000u}{section.5.1}% 50
\BOOKMARK [2][-]{subsection.5.1.4}{\376\377\000\040\000S\000i\000e\001\145}{section.5.1}% 51
\BOOKMARK [2][-]{subsection.5.1.5}{\040Popisn\351\040\372daje}{section.5.1}% 52
\BOOKMARK [1][-]{section.5.2}{\040Docker}{chapter.5}% 53
\BOOKMARK [2][-]{subsection.5.2.1}{\040Procesor}{section.5.2}% 54
\BOOKMARK [2][-]{subsection.5.2.2}{\376\377\000\040\000P\000a\000m\000\344\001\145}{section.5.2}% 55
\BOOKMARK [2][-]{subsection.5.2.3}{\376\377\000\040\000S\000i\000e\001\145}{section.5.2}% 56
\BOOKMARK [2][-]{subsection.5.2.4}{\376\377\000\040\000Z\000\341\000p\000i\000s\000\040\000a\000\040\001\015\000\355\000t\000a\000n\000i\000e\000\040\000z\000\040\000d\000i\000s\000k\000u}{section.5.2}% 57
\BOOKMARK [2][-]{subsection.5.2.5}{\040Popisn\351\040\372daje}{section.5.2}% 58
\BOOKMARK [1][-]{section.5.3}{\040Hadoop}{chapter.5}% 59
\BOOKMARK [2][-]{subsection.5.3.1}{\040Metriky\040clustera}{section.5.3}% 60
\BOOKMARK [2][-]{subsection.5.3.2}{\040Metriky\040aplik\341ci\355}{section.5.3}% 61
\BOOKMARK [2][-]{subsection.5.3.3}{\040Metriky\040uzlov}{section.5.3}% 62
\BOOKMARK [0][-]{chapter.6}{Anal\375za\040a\040n\341vrh}{}% 63
\BOOKMARK [1][-]{section.6.1}{\040Po\236iadavky\040na\040aplik\341ciu}{chapter.6}% 64
\BOOKMARK [2][-]{subsection.6.1.1}{\040Vysok\375\040monitorovac\355\040v\375kon}{section.6.1}% 65
\BOOKMARK [2][-]{subsection.6.1.2}{\376\377\000\040\000N\000\355\000z\000k\000a\000\040\000n\000a\000d\000b\000y\000t\000o\001\015\000n\000\341\000\040\000z\000\341\001\145\000a\001\176}{section.6.1}% 66
\BOOKMARK [2][-]{subsection.6.1.3}{\376\377\000\040\001\140\000k\000\341\000l\000o\000v\000a\000t\000e\001\076\000n\000o\000s\001\145}{section.6.1}% 67
\BOOKMARK [1][-]{section.6.2}{\040Miesto\040nasadenia\040zbernej\040aplik\341cie}{chapter.6}% 68
\BOOKMARK [1][-]{section.6.3}{\040N\341vrh\040monitorovacieho\040rie\235enia}{chapter.6}% 69
\BOOKMARK [2][-]{subsection.6.3.1}{\040Paraleliz\341cia\040v\040r\341mci\040pluginov}{section.6.3}% 70
\BOOKMARK [2][-]{subsection.6.3.2}{\376\377\000\040\000D\000a\000t\000a\000b\000\341\000z\000a\000\040\001\015\000a\000s\000o\000v\000\375\000c\000h\000\040\000r\000\341\000d}{section.6.3}% 71
\BOOKMARK [0][-]{chapter.7}{Implement\341cia}{}% 72
\BOOKMARK [1][-]{section.7.1}{\040Techniky\040zbierania\040metr\355k}{chapter.7}% 73
\BOOKMARK [2][-]{subsection.7.1.1}{\040Docker}{section.7.1}% 74
\BOOKMARK [2][-]{subsection.7.1.2}{\040libvirt/KVM}{section.7.1}% 75
\BOOKMARK [2][-]{subsection.7.1.3}{\040Hadoop}{section.7.1}% 76
\BOOKMARK [1][-]{section.7.2}{\040libcurl}{chapter.7}% 77
\BOOKMARK [1][-]{section.7.3}{\040libpthread}{chapter.7}% 78
\BOOKMARK [1][-]{section.7.4}{\040cJSON}{chapter.7}% 79
\BOOKMARK [1][-]{section.7.5}{\040Zapisovac\355\040plugin\040Write\040TSDB}{chapter.7}% 80
\BOOKMARK [0][-]{chapter.8}{Z\341ver}{}% 81
\BOOKMARK [0][-]{chapter*.25}{Bibliografia}{}% 82
\BOOKMARK [0][-]{section*.26}{Appendices}{}% 83
\BOOKMARK [0][-]{Dodatok.a.A}{\376\377\000P\000r\000e\000v\000o\000d\000n\000\341\000\040\000t\000a\000b\000u\001\076\000k\000a\000\040\000n\000\341\000z\000v\000o\000v\000\040\000m\000e\000t\000r\000\355\000k}{}% 84
